<?xml version="1.0" encoding="UTF-8"?>
<!-- Generated by org.testng.reporters.JUnitXMLReporter -->
<testsuite ignored="0" hostname="DESKTOP-85T6IGM" failures="1" tests="1" name="Test" time="54.711" errors="0" timestamp="2021-09-24T15:26:30 IST">
  <testcase classname="com.qa.testscripts.TC_ChooseCategory_001" name="chooseCategory" time="31.209">
    <failure type="java.lang.AssertionError" message="expected [true] but found [false]">
      <![CDATA[java.lang.AssertionError: expected [true] but found [false]
at com.qa.testscripts.TC_ChooseCategory_001.chooseCategory(TC_ChooseCategory_001.java:33)
at java.base/java.util.ArrayList.forEach(ArrayList.java:1510)
... Removed 31 stack frames]]>
    </failure>
  </testcase> <!-- chooseCategory -->
</testsuite> <!-- Test -->
